[2026-06-25 05:21:17] plugin_init_customhelpdesk дошёл до регистрации Entity-хуков
[2026-06-25 05:21:17] Хуки зарегистрированы. Содержимое $PLUGIN_HOOKS[item_update]: Array
(
    [customhelpdesk] => Array
        (
            [Entity] => plugin_customhelpdesk_force_save_entity_hours
        )

)

[2026-06-25 05:21:18] plugin_init_customhelpdesk дошёл до регистрации Entity-хуков
[2026-06-25 05:21:18] Хуки зарегистрированы. Содержимое $PLUGIN_HOOKS[item_update]: Array
(
    [customhelpdesk] => Array
        (
            [Entity] => plugin_customhelpdesk_force_save_entity_hours
        )

)

[2026-06-25 05:21:18] plugin_init_customhelpdesk дошёл до регистрации Entity-хуков
[2026-06-25 05:21:18] Хуки зарегистрированы. Содержимое $PLUGIN_HOOKS[item_update]: Array
(
    [customhelpdesk] => Array
        (
            [Entity] => plugin_customhelpdesk_force_save_entity_hours
        )

)

[2026-06-25 05:21:19] plugin_init_customhelpdesk дошёл до регистрации Entity-хуков
[2026-06-25 05:21:19] Хуки зарегистрированы. Содержимое $PLUGIN_HOOKS[item_update]: Array
(
    [customhelpdesk] => Array
        (
            [Entity] => plugin_customhelpdesk_force_save_entity_hours
        )

)

[2026-06-25 05:21:19] plugin_init_customhelpdesk дошёл до регистрации Entity-хуков
[2026-06-25 05:21:19] Хуки зарегистрированы. Содержимое $PLUGIN_HOOKS[item_update]: Array
(
    [customhelpdesk] => Array
        (
            [Entity] => plugin_customhelpdesk_force_save_entity_hours
        )

)

[2026-06-25 05:21:19] plugin_init_customhelpdesk дошёл до регистрации Entity-хуков
[2026-06-25 05:21:19] Хуки зарегистрированы. Содержимое $PLUGIN_HOOKS[item_update]: Array
(
    [customhelpdesk] => Array
        (
            [Entity] => plugin_customhelpdesk_force_save_entity_hours
        )

)

[2026-06-25 05:21:33] plugin_init_customhelpdesk дошёл до регистрации Entity-хуков
[2026-06-25 05:21:33] Хуки зарегистрированы. Содержимое $PLUGIN_HOOKS[item_update]: Array
(
    [customhelpdesk] => Array
        (
            [Entity] => plugin_customhelpdesk_force_save_entity_hours
        )

)

[2026-06-25 05:21:33] plugin_init_customhelpdesk дошёл до регистрации Entity-хуков
[2026-06-25 05:21:33] Хуки зарегистрированы. Содержимое $PLUGIN_HOOKS[item_update]: Array
(
    [customhelpdesk] => Array
        (
            [Entity] => plugin_customhelpdesk_force_save_entity_hours
        )

)

[2026-06-25 05:21:33] plugin_init_customhelpdesk дошёл до регистрации Entity-хуков
[2026-06-25 05:21:33] Хуки зарегистрированы. Содержимое $PLUGIN_HOOKS[item_update]: Array
(
    [customhelpdesk] => Array
        (
            [Entity] => plugin_customhelpdesk_force_save_entity_hours
        )

)

[2026-06-25 05:21:33] plugin_init_customhelpdesk дошёл до регистрации Entity-хуков
[2026-06-25 05:21:33] Хуки зарегистрированы. Содержимое $PLUGIN_HOOKS[item_update]: Array
(
    [customhelpdesk] => Array
        (
            [Entity] => plugin_customhelpdesk_force_save_entity_hours
        )

)

[2026-06-25 05:22:11] plugin_init_customhelpdesk дошёл до регистрации Entity-хуков
[2026-06-25 05:22:11] Хуки зарегистрированы. Содержимое $PLUGIN_HOOKS[item_update]: Array
(
    [customhelpdesk] => Array
        (
            [Entity] => plugin_customhelpdesk_force_save_entity_hours
        )

)

[2026-06-25 05:22:11] plugin_init_customhelpdesk дошёл до регистрации Entity-хуков
[2026-06-25 05:22:11] Хуки зарегистрированы. Содержимое $PLUGIN_HOOKS[item_update]: Array
(
    [customhelpdesk] => Array
        (
            [Entity] => plugin_customhelpdesk_force_save_entity_hours
        )

)

[2026-06-25 05:22:11] plugin_init_customhelpdesk дошёл до регистрации Entity-хуков
[2026-06-25 05:22:11] Хуки зарегистрированы. Содержимое $PLUGIN_HOOKS[item_update]: Array
(
    [customhelpdesk] => Array
        (
            [Entity] => plugin_customhelpdesk_force_save_entity_hours
        )

)

[2026-06-25 05:22:11] plugin_init_customhelpdesk дошёл до регистрации Entity-хуков
[2026-06-25 05:22:11] Хуки зарегистрированы. Содержимое $PLUGIN_HOOKS[item_update]: Array
(
    [customhelpdesk] => Array
        (
            [Entity] => plugin_customhelpdesk_force_save_entity_hours
        )

)

